
**************************************************************
 TPB All In One script started at Wed Nov 27 00:00:32 CET 2019 
**************************************************************

Renaming of logfiles started at Wed Nov 27 00:00:32 CET 2019

Defining the environment at Wed Nov 27 00:00:32 CET 2019

Environment = dehze01-lsv364_DEVCNLJW

Billinginterfacedaemon started at Wed Nov 27 00:00:32 CET 2019
>>>
>>> BillingInterfaceDae - ERROR Problem Updateing/Deleting source transactions - Aborting !
>>>

    The following Java trace file may help to pinpoint the problem: 
java.sql.BatchUpdateException: ORA-01000: maximum open cursors exceeded

	at oracle.jdbc.driver.OraclePreparedStatement.executeBatch(OraclePreparedStatement.java:10070)
	at oracle.jdbc.driver.OracleStatementWrapper.executeBatch(OracleStatementWrapper.java:213)
	at billing.billinginterfacedae.BillingInterfaceDae.updateHostRecords(BillingInterfaceDae.java:259)
	at billing.billinginterfacedae.BillingInterfaceDae.performTask(BillingInterfaceDae.java:2720)
	at billing.daemon.BaseDaemon.startDaemonThread(BaseDaemon.java:139)
	at billing.daemon.BaseDaemon.<init>(BaseDaemon.java:51)
	at billing.billinginterfacedae.BillingInterfaceDae.<init>(BillingInterfaceDae.java:130)
	at billing.billinginterfacedae.BillingInterfaceDae.main(BillingInterfaceDae.java:2471)
One or more Warnings were encountered during interfacing - Check the Logfile for more details!

Type = CLIENT so retrieve the ClientIDs and write these into a file
Client file created at Wed Nov 27 02:31:18 CET 2019 with Clients:

AKZNB
CANAR
CRLBC
EFI
FLIRB
FONTEM
FUNKO
INNOV
IROBOTUK
IRODIR
MLM
PLANT
ROBOP
SYNER

Now reading the Clients file and create a logfile and run the Billingprocdae per Client

Billingprocdae for Client AKZNB started at Wed Nov 27 02:31:19 CET 2019
Billingprocdae for Client AKZNB finished at Wed Nov 27 02:31:50 CET 2019

Billingprocdae for Client CANAR started at Wed Nov 27 02:31:50 CET 2019
Billingprocdae for Client CANAR finished at Wed Nov 27 02:33:57 CET 2019

Billingprocdae for Client CRLBC started at Wed Nov 27 02:33:57 CET 2019
Billingprocdae for Client CRLBC finished at Wed Nov 27 02:38:19 CET 2019

Billingprocdae for Client EFI started at Wed Nov 27 02:38:19 CET 2019
Billingprocdae for Client EFI finished at Wed Nov 27 02:56:12 CET 2019

Billingprocdae for Client FLIRB started at Wed Nov 27 02:56:12 CET 2019
Billingprocdae for Client FLIRB finished at Wed Nov 27 03:09:05 CET 2019

Billingprocdae for Client FONTEM started at Wed Nov 27 03:09:05 CET 2019
Billingprocdae for Client FONTEM finished at Wed Nov 27 03:16:02 CET 2019

Billingprocdae for Client FUNKO started at Wed Nov 27 03:16:02 CET 2019
Billingprocdae for Client FUNKO finished at Wed Nov 27 04:06:45 CET 2019

Billingprocdae for Client INNOV started at Wed Nov 27 04:06:45 CET 2019
Billingprocdae for Client INNOV finished at Wed Nov 27 04:08:47 CET 2019

Billingprocdae for Client IROBOTUK started at Wed Nov 27 04:08:47 CET 2019
Billingprocdae for Client IROBOTUK finished at Wed Nov 27 04:13:38 CET 2019

Billingprocdae for Client IRODIR started at Wed Nov 27 04:13:38 CET 2019
Billingprocdae for Client IRODIR finished at Wed Nov 27 04:22:20 CET 2019

Billingprocdae for Client MLM started at Wed Nov 27 04:22:20 CET 2019
Billingprocdae for Client MLM finished at Wed Nov 27 05:13:37 CET 2019

Billingprocdae for Client PLANT started at Wed Nov 27 05:13:37 CET 2019
Billingprocdae for Client PLANT finished at Wed Nov 27 05:42:05 CET 2019

Billingprocdae for Client ROBOP started at Wed Nov 27 05:42:05 CET 2019
Billingprocdae for Client ROBOP finished at Wed Nov 27 05:43:03 CET 2019

Billingprocdae for Client SYNER started at Wed Nov 27 05:43:03 CET 2019
Billingprocdae for Client SYNER finished at Wed Nov 27 05:47:08 CET 2019

Billingprocdae per Client for all Clients finished at Wed Nov 27 05:47:08 CET 2019

**************************************************************
 TPB All In One script finished at Wed Nov 27 05:47:08 CET 2019 
**************************************************************

